Created by PLY version 3.11 (http://www.dabeaz.com/ply)

Grammar

Rule 0     S' -> statement
Rule 1     statement -> NAME EQUALS expression END_OF_SENTENCE
Rule 2     statement -> PRINT LPAREN expression RPAREN END_OF_SENTENCE
Rule 3     statement -> expression END_OF_SENTENCE
Rule 4     expression -> expression PLUS expression
Rule 5     expression -> expression MINUS expression
Rule 6     expression -> expression TIMES expression
Rule 7     expression -> expression DIVIDE expression
Rule 8     expression -> expression LESSTHAN expression
Rule 9     expression -> expression GREATERTHAN expression
Rule 10    expression -> MINUS expression
Rule 11    expression -> LPAREN expression RPAREN
Rule 12    expression -> NUMBER
Rule 13    expression -> TRUE
Rule 14    expression -> FALSE
Rule 15    expression -> STRING
Rule 16    expression -> NAME

Terminals, with rules where they appear

DIVIDE               : 7
END_OF_SENTENCE      : 1 2 3
EQUALS               : 1
FALSE                : 14
GREATERTHAN          : 9
LESSTHAN             : 8
LPAREN               : 2 11
MINUS                : 5 10
NAME                 : 1 16
NUMBER               : 12
PLUS                 : 4
PRINT                : 2
RPAREN               : 2 11
STRING               : 15
TIMES                : 6
TRUE                 : 13
error                : 

Nonterminals, with rules where they appear

expression           : 1 2 3 4 4 5 5 6 6 7 7 8 8 9 9 10 11
statement            : 0

Parsing method: LALR

state 0

    (0) S' -> . statement
    (1) statement -> . NAME EQUALS expression END_OF_SENTENCE
    (2) statement -> . PRINT LPAREN expression RPAREN END_OF_SENTENCE
    (3) statement -> . expression END_OF_SENTENCE
    (4) expression -> . expression PLUS expression
    (5) expression -> . expression MINUS expression
    (6) expression -> . expression TIMES expression
    (7) expression -> . expression DIVIDE expression
    (8) expression -> . expression LESSTHAN expression
    (9) expression -> . expression GREATERTHAN expression
    (10) expression -> . MINUS expression
    (11) expression -> . LPAREN expression RPAREN
    (12) expression -> . NUMBER
    (13) expression -> . TRUE
    (14) expression -> . FALSE
    (15) expression -> . STRING
    (16) expression -> . NAME

    NAME            shift and go to state 2
    PRINT           shift and go to state 4
    MINUS           shift and go to state 6
    LPAREN          shift and go to state 5
    NUMBER          shift and go to state 7
    TRUE            shift and go to state 8
    FALSE           shift and go to state 9
    STRING          shift and go to state 10

    statement                      shift and go to state 1
    expression                     shift and go to state 3

state 1

    (0) S' -> statement .



state 2

    (1) statement -> NAME . EQUALS expression END_OF_SENTENCE
    (16) expression -> NAME .

    EQUALS          shift and go to state 11
    END_OF_SENTENCE reduce using rule 16 (expression -> NAME .)
    PLUS            reduce using rule 16 (expression -> NAME .)
    MINUS           reduce using rule 16 (expression -> NAME .)
    TIMES           reduce using rule 16 (expression -> NAME .)
    DIVIDE          reduce using rule 16 (expression -> NAME .)
    LESSTHAN        reduce using rule 16 (expression -> NAME .)
    GREATERTHAN     reduce using rule 16 (expression -> NAME .)


state 3

    (3) statement -> expression . END_OF_SENTENCE
    (4) expression -> expression . PLUS expression
    (5) expression -> expression . MINUS expression
    (6) expression -> expression . TIMES expression
    (7) expression -> expression . DIVIDE expression
    (8) expression -> expression . LESSTHAN expression
    (9) expression -> expression . GREATERTHAN expression

    END_OF_SENTENCE shift and go to state 12
    PLUS            shift and go to state 13
    MINUS           shift and go to state 14
    TIMES           shift and go to state 15
    DIVIDE          shift and go to state 16
    LESSTHAN        shift and go to state 17
    GREATERTHAN     shift and go to state 18


state 4

    (2) statement -> PRINT . LPAREN expression RPAREN END_OF_SENTENCE

    LPAREN          shift and go to state 19


state 5

    (11) expression -> LPAREN . expression RPAREN
    (4) expression -> . expression PLUS expression
    (5) expression -> . expression MINUS expression
    (6) expression -> . expression TIMES expression
    (7) expression -> . expression DIVIDE expression
    (8) expression -> . expression LESSTHAN expression
    (9) expression -> . expression GREATERTHAN expression
    (10) expression -> . MINUS expression
    (11) expression -> . LPAREN expression RPAREN
    (12) expression -> . NUMBER
    (13) expression -> . TRUE
    (14) expression -> . FALSE
    (15) expression -> . STRING
    (16) expression -> . NAME

    MINUS           shift and go to state 6
    LPAREN          shift and go to state 5
    NUMBER          shift and go to state 7
    TRUE            shift and go to state 8
    FALSE           shift and go to state 9
    STRING          shift and go to state 10
    NAME            shift and go to state 21

    expression                     shift and go to state 20

state 6

    (10) expression -> MINUS . expression
    (4) expression -> . expression PLUS expression
    (5) expression -> . expression MINUS expression
    (6) expression -> . expression TIMES expression
    (7) expression -> . expression DIVIDE expression
    (8) expression -> . expression LESSTHAN expression
    (9) expression -> . expression GREATERTHAN expression
    (10) expression -> . MINUS expression
    (11) expression -> . LPAREN expression RPAREN
    (12) expression -> . NUMBER
    (13) expression -> . TRUE
    (14) expression -> . FALSE
    (15) expression -> . STRING
    (16) expression -> . NAME

    MINUS           shift and go to state 6
    LPAREN          shift and go to state 5
    NUMBER          shift and go to state 7
    TRUE            shift and go to state 8
    FALSE           shift and go to state 9
    STRING          shift and go to state 10
    NAME            shift and go to state 21

    expression                     shift and go to state 22

state 7

    (12) expression -> NUMBER .

    END_OF_SENTENCE reduce using rule 12 (expression -> NUMBER .)
    PLUS            reduce using rule 12 (expression -> NUMBER .)
    MINUS           reduce using rule 12 (expression -> NUMBER .)
    TIMES           reduce using rule 12 (expression -> NUMBER .)
    DIVIDE          reduce using rule 12 (expression -> NUMBER .)
    LESSTHAN        reduce using rule 12 (expression -> NUMBER .)
    GREATERTHAN     reduce using rule 12 (expression -> NUMBER .)
    RPAREN          reduce using rule 12 (expression -> NUMBER .)


state 8

    (13) expression -> TRUE .

    END_OF_SENTENCE reduce using rule 13 (expression -> TRUE .)
    PLUS            reduce using rule 13 (expression -> TRUE .)
    MINUS           reduce using rule 13 (expression -> TRUE .)
    TIMES           reduce using rule 13 (expression -> TRUE .)
    DIVIDE          reduce using rule 13 (expression -> TRUE .)
    LESSTHAN        reduce using rule 13 (expression -> TRUE .)
    GREATERTHAN     reduce using rule 13 (expression -> TRUE .)
    RPAREN          reduce using rule 13 (expression -> TRUE .)


state 9

    (14) expression -> FALSE .

    END_OF_SENTENCE reduce using rule 14 (expression -> FALSE .)
    PLUS            reduce using rule 14 (expression -> FALSE .)
    MINUS           reduce using rule 14 (expression -> FALSE .)
    TIMES           reduce using rule 14 (expression -> FALSE .)
    DIVIDE          reduce using rule 14 (expression -> FALSE .)
    LESSTHAN        reduce using rule 14 (expression -> FALSE .)
    GREATERTHAN     reduce using rule 14 (expression -> FALSE .)
    RPAREN          reduce using rule 14 (expression -> FALSE .)


state 10

    (15) expression -> STRING .

    END_OF_SENTENCE reduce using rule 15 (expression -> STRING .)
    PLUS            reduce using rule 15 (expression -> STRING .)
    MINUS           reduce using rule 15 (expression -> STRING .)
    TIMES           reduce using rule 15 (expression -> STRING .)
    DIVIDE          reduce using rule 15 (expression -> STRING .)
    LESSTHAN        reduce using rule 15 (expression -> STRING .)
    GREATERTHAN     reduce using rule 15 (expression -> STRING .)
    RPAREN          reduce using rule 15 (expression -> STRING .)


state 11

    (1) statement -> NAME EQUALS . expression END_OF_SENTENCE
    (4) expression -> . expression PLUS expression
    (5) expression -> . expression MINUS expression
    (6) expression -> . expression TIMES expression
    (7) expression -> . expression DIVIDE expression
    (8) expression -> . expression LESSTHAN expression
    (9) expression -> . expression GREATERTHAN expression
    (10) expression -> . MINUS expression
    (11) expression -> . LPAREN expression RPAREN
    (12) expression -> . NUMBER
    (13) expression -> . TRUE
    (14) expression -> . FALSE
    (15) expression -> . STRING
    (16) expression -> . NAME

    MINUS           shift and go to state 6
    LPAREN          shift and go to state 5
    NUMBER          shift and go to state 7
    TRUE            shift and go to state 8
    FALSE           shift and go to state 9
    STRING          shift and go to state 10
    NAME            shift and go to state 21

    expression                     shift and go to state 23

state 12

    (3) statement -> expression END_OF_SENTENCE .

    $end            reduce using rule 3 (statement -> expression END_OF_SENTENCE .)


state 13

    (4) expression -> expression PLUS . expression
    (4) expression -> . expression PLUS expression
    (5) expression -> . expression MINUS expression
    (6) expression -> . expression TIMES expression
    (7) expression -> . expression DIVIDE expression
    (8) expression -> . expression LESSTHAN expression
    (9) expression -> . expression GREATERTHAN expression
    (10) expression -> . MINUS expression
    (11) expression -> . LPAREN expression RPAREN
    (12) expression -> . NUMBER
    (13) expression -> . TRUE
    (14) expression -> . FALSE
    (15) expression -> . STRING
    (16) expression -> . NAME

    MINUS           shift and go to state 6
    LPAREN          shift and go to state 5
    NUMBER          shift and go to state 7
    TRUE            shift and go to state 8
    FALSE           shift and go to state 9
    STRING          shift and go to state 10
    NAME            shift and go to state 21

    expression                     shift and go to state 24

state 14

    (5) expression -> expression MINUS . expression
    (4) expression -> . expression PLUS expression
    (5) expression -> . expression MINUS expression
    (6) expression -> . expression TIMES expression
    (7) expression -> . expression DIVIDE expression
    (8) expression -> . expression LESSTHAN expression
    (9) expression -> . expression GREATERTHAN expression
    (10) expression -> . MINUS expression
    (11) expression -> . LPAREN expression RPAREN
    (12) expression -> . NUMBER
    (13) expression -> . TRUE
    (14) expression -> . FALSE
    (15) expression -> . STRING
    (16) expression -> . NAME

    MINUS           shift and go to state 6
    LPAREN          shift and go to state 5
    NUMBER          shift and go to state 7
    TRUE            shift and go to state 8
    FALSE           shift and go to state 9
    STRING          shift and go to state 10
    NAME            shift and go to state 21

    expression                     shift and go to state 25

state 15

    (6) expression -> expression TIMES . expression
    (4) expression -> . expression PLUS expression
    (5) expression -> . expression MINUS expression
    (6) expression -> . expression TIMES expression
    (7) expression -> . expression DIVIDE expression
    (8) expression -> . expression LESSTHAN expression
    (9) expression -> . expression GREATERTHAN expression
    (10) expression -> . MINUS expression
    (11) expression -> . LPAREN expression RPAREN
    (12) expression -> . NUMBER
    (13) expression -> . TRUE
    (14) expression -> . FALSE
    (15) expression -> . STRING
    (16) expression -> . NAME

    MINUS           shift and go to state 6
    LPAREN          shift and go to state 5
    NUMBER          shift and go to state 7
    TRUE            shift and go to state 8
    FALSE           shift and go to state 9
    STRING          shift and go to state 10
    NAME            shift and go to state 21

    expression                     shift and go to state 26

state 16

    (7) expression -> expression DIVIDE . expression
    (4) expression -> . expression PLUS expression
    (5) expression -> . expression MINUS expression
    (6) expression -> . expression TIMES expression
    (7) expression -> . expression DIVIDE expression
    (8) expression -> . expression LESSTHAN expression
    (9) expression -> . expression GREATERTHAN expression
    (10) expression -> . MINUS expression
    (11) expression -> . LPAREN expression RPAREN
    (12) expression -> . NUMBER
    (13) expression -> . TRUE
    (14) expression -> . FALSE
    (15) expression -> . STRING
    (16) expression -> . NAME

    MINUS           shift and go to state 6
    LPAREN          shift and go to state 5
    NUMBER          shift and go to state 7
    TRUE            shift and go to state 8
    FALSE           shift and go to state 9
    STRING          shift and go to state 10
    NAME            shift and go to state 21

    expression                     shift and go to state 27

state 17

    (8) expression -> expression LESSTHAN . expression
    (4) expression -> . expression PLUS expression
    (5) expression -> . expression MINUS expression
    (6) expression -> . expression TIMES expression
    (7) expression -> . expression DIVIDE expression
    (8) expression -> . expression LESSTHAN expression
    (9) expression -> . expression GREATERTHAN expression
    (10) expression -> . MINUS expression
    (11) expression -> . LPAREN expression RPAREN
    (12) expression -> . NUMBER
    (13) expression -> . TRUE
    (14) expression -> . FALSE
    (15) expression -> . STRING
    (16) expression -> . NAME

    MINUS           shift and go to state 6
    LPAREN          shift and go to state 5
    NUMBER          shift and go to state 7
    TRUE            shift and go to state 8
    FALSE           shift and go to state 9
    STRING          shift and go to state 10
    NAME            shift and go to state 21

    expression                     shift and go to state 28

state 18

    (9) expression -> expression GREATERTHAN . expression
    (4) expression -> . expression PLUS expression
    (5) expression -> . expression MINUS expression
    (6) expression -> . expression TIMES expression
    (7) expression -> . expression DIVIDE expression
    (8) expression -> . expression LESSTHAN expression
    (9) expression -> . expression GREATERTHAN expression
    (10) expression -> . MINUS expression
    (11) expression -> . LPAREN expression RPAREN
    (12) expression -> . NUMBER
    (13) expression -> . TRUE
    (14) expression -> . FALSE
    (15) expression -> . STRING
    (16) expression -> . NAME

    MINUS           shift and go to state 6
    LPAREN          shift and go to state 5
    NUMBER          shift and go to state 7
    TRUE            shift and go to state 8
    FALSE           shift and go to state 9
    STRING          shift and go to state 10
    NAME            shift and go to state 21

    expression                     shift and go to state 29

state 19

    (2) statement -> PRINT LPAREN . expression RPAREN END_OF_SENTENCE
    (4) expression -> . expression PLUS expression
    (5) expression -> . expression MINUS expression
    (6) expression -> . expression TIMES expression
    (7) expression -> . expression DIVIDE expression
    (8) expression -> . expression LESSTHAN expression
    (9) expression -> . expression GREATERTHAN expression
    (10) expression -> . MINUS expression
    (11) expression -> . LPAREN expression RPAREN
    (12) expression -> . NUMBER
    (13) expression -> . TRUE
    (14) expression -> . FALSE
    (15) expression -> . STRING
    (16) expression -> . NAME

    MINUS           shift and go to state 6
    LPAREN          shift and go to state 5
    NUMBER          shift and go to state 7
    TRUE            shift and go to state 8
    FALSE           shift and go to state 9
    STRING          shift and go to state 10
    NAME            shift and go to state 21

    expression                     shift and go to state 30

state 20

    (11) expression -> LPAREN expression . RPAREN
    (4) expression -> expression . PLUS expression
    (5) expression -> expression . MINUS expression
    (6) expression -> expression . TIMES expression
    (7) expression -> expression . DIVIDE expression
    (8) expression -> expression . LESSTHAN expression
    (9) expression -> expression . GREATERTHAN expression

    RPAREN          shift and go to state 31
    PLUS            shift and go to state 13
    MINUS           shift and go to state 14
    TIMES           shift and go to state 15
    DIVIDE          shift and go to state 16
    LESSTHAN        shift and go to state 17
    GREATERTHAN     shift and go to state 18


state 21

    (16) expression -> NAME .

    RPAREN          reduce using rule 16 (expression -> NAME .)
    PLUS            reduce using rule 16 (expression -> NAME .)
    MINUS           reduce using rule 16 (expression -> NAME .)
    TIMES           reduce using rule 16 (expression -> NAME .)
    DIVIDE          reduce using rule 16 (expression -> NAME .)
    LESSTHAN        reduce using rule 16 (expression -> NAME .)
    GREATERTHAN     reduce using rule 16 (expression -> NAME .)
    END_OF_SENTENCE reduce using rule 16 (expression -> NAME .)


state 22

    (10) expression -> MINUS expression .
    (4) expression -> expression . PLUS expression
    (5) expression -> expression . MINUS expression
    (6) expression -> expression . TIMES expression
    (7) expression -> expression . DIVIDE expression
    (8) expression -> expression . LESSTHAN expression
    (9) expression -> expression . GREATERTHAN expression

    END_OF_SENTENCE reduce using rule 10 (expression -> MINUS expression .)
    PLUS            reduce using rule 10 (expression -> MINUS expression .)
    MINUS           reduce using rule 10 (expression -> MINUS expression .)
    TIMES           reduce using rule 10 (expression -> MINUS expression .)
    DIVIDE          reduce using rule 10 (expression -> MINUS expression .)
    LESSTHAN        reduce using rule 10 (expression -> MINUS expression .)
    GREATERTHAN     reduce using rule 10 (expression -> MINUS expression .)
    RPAREN          reduce using rule 10 (expression -> MINUS expression .)

  ! PLUS            [ shift and go to state 13 ]
  ! MINUS           [ shift and go to state 14 ]
  ! TIMES           [ shift and go to state 15 ]
  ! DIVIDE          [ shift and go to state 16 ]
  ! LESSTHAN        [ shift and go to state 17 ]
  ! GREATERTHAN     [ shift and go to state 18 ]


state 23

    (1) statement -> NAME EQUALS expression . END_OF_SENTENCE
    (4) expression -> expression . PLUS expression
    (5) expression -> expression . MINUS expression
    (6) expression -> expression . TIMES expression
    (7) expression -> expression . DIVIDE expression
    (8) expression -> expression . LESSTHAN expression
    (9) expression -> expression . GREATERTHAN expression

    END_OF_SENTENCE shift and go to state 32
    PLUS            shift and go to state 13
    MINUS           shift and go to state 14
    TIMES           shift and go to state 15
    DIVIDE          shift and go to state 16
    LESSTHAN        shift and go to state 17
    GREATERTHAN     shift and go to state 18


state 24

    (4) expression -> expression PLUS expression .
    (4) expression -> expression . PLUS expression
    (5) expression -> expression . MINUS expression
    (6) expression -> expression . TIMES expression
    (7) expression -> expression . DIVIDE expression
    (8) expression -> expression . LESSTHAN expression
    (9) expression -> expression . GREATERTHAN expression

    END_OF_SENTENCE reduce using rule 4 (expression -> expression PLUS expression .)
    PLUS            reduce using rule 4 (expression -> expression PLUS expression .)
    MINUS           reduce using rule 4 (expression -> expression PLUS expression .)
    LESSTHAN        reduce using rule 4 (expression -> expression PLUS expression .)
    GREATERTHAN     reduce using rule 4 (expression -> expression PLUS expression .)
    RPAREN          reduce using rule 4 (expression -> expression PLUS expression .)
    TIMES           shift and go to state 15
    DIVIDE          shift and go to state 16

  ! TIMES           [ reduce using rule 4 (expression -> expression PLUS expression .) ]
  ! DIVIDE          [ reduce using rule 4 (expression -> expression PLUS expression .) ]
  ! PLUS            [ shift and go to state 13 ]
  ! MINUS           [ shift and go to state 14 ]
  ! LESSTHAN        [ shift and go to state 17 ]
  ! GREATERTHAN     [ shift and go to state 18 ]


state 25

    (5) expression -> expression MINUS expression .
    (4) expression -> expression . PLUS expression
    (5) expression -> expression . MINUS expression
    (6) expression -> expression . TIMES expression
    (7) expression -> expression . DIVIDE expression
    (8) expression -> expression . LESSTHAN expression
    (9) expression -> expression . GREATERTHAN expression

    END_OF_SENTENCE reduce using rule 5 (expression -> expression MINUS expression .)
    PLUS            reduce using rule 5 (expression -> expression MINUS expression .)
    MINUS           reduce using rule 5 (expression -> expression MINUS expression .)
    LESSTHAN        reduce using rule 5 (expression -> expression MINUS expression .)
    GREATERTHAN     reduce using rule 5 (expression -> expression MINUS expression .)
    RPAREN          reduce using rule 5 (expression -> expression MINUS expression .)
    TIMES           shift and go to state 15
    DIVIDE          shift and go to state 16

  ! TIMES           [ reduce using rule 5 (expression -> expression MINUS expression .) ]
  ! DIVIDE          [ reduce using rule 5 (expression -> expression MINUS expression .) ]
  ! PLUS            [ shift and go to state 13 ]
  ! MINUS           [ shift and go to state 14 ]
  ! LESSTHAN        [ shift and go to state 17 ]
  ! GREATERTHAN     [ shift and go to state 18 ]


state 26

    (6) expression -> expression TIMES expression .
    (4) expression -> expression . PLUS expression
    (5) expression -> expression . MINUS expression
    (6) expression -> expression . TIMES expression
    (7) expression -> expression . DIVIDE expression
    (8) expression -> expression . LESSTHAN expression
    (9) expression -> expression . GREATERTHAN expression

    END_OF_SENTENCE reduce using rule 6 (expression -> expression TIMES expression .)
    PLUS            reduce using rule 6 (expression -> expression TIMES expression .)
    MINUS           reduce using rule 6 (expression -> expression TIMES expression .)
    TIMES           reduce using rule 6 (expression -> expression TIMES expression .)
    DIVIDE          reduce using rule 6 (expression -> expression TIMES expression .)
    LESSTHAN        reduce using rule 6 (expression -> expression TIMES expression .)
    GREATERTHAN     reduce using rule 6 (expression -> expression TIMES expression .)
    RPAREN          reduce using rule 6 (expression -> expression TIMES expression .)

  ! PLUS            [ shift and go to state 13 ]
  ! MINUS           [ shift and go to state 14 ]
  ! TIMES           [ shift and go to state 15 ]
  ! DIVIDE          [ shift and go to state 16 ]
  ! LESSTHAN        [ shift and go to state 17 ]
  ! GREATERTHAN     [ shift and go to state 18 ]


state 27

    (7) expression -> expression DIVIDE expression .
    (4) expression -> expression . PLUS expression
    (5) expression -> expression . MINUS expression
    (6) expression -> expression . TIMES expression
    (7) expression -> expression . DIVIDE expression
    (8) expression -> expression . LESSTHAN expression
    (9) expression -> expression . GREATERTHAN expression

    END_OF_SENTENCE reduce using rule 7 (expression -> expression DIVIDE expression .)
    PLUS            reduce using rule 7 (expression -> expression DIVIDE expression .)
    MINUS           reduce using rule 7 (expression -> expression DIVIDE expression .)
    TIMES           reduce using rule 7 (expression -> expression DIVIDE expression .)
    DIVIDE          reduce using rule 7 (expression -> expression DIVIDE expression .)
    LESSTHAN        reduce using rule 7 (expression -> expression DIVIDE expression .)
    GREATERTHAN     reduce using rule 7 (expression -> expression DIVIDE expression .)
    RPAREN          reduce using rule 7 (expression -> expression DIVIDE expression .)

  ! PLUS            [ shift and go to state 13 ]
  ! MINUS           [ shift and go to state 14 ]
  ! TIMES           [ shift and go to state 15 ]
  ! DIVIDE          [ shift and go to state 16 ]
  ! LESSTHAN        [ shift and go to state 17 ]
  ! GREATERTHAN     [ shift and go to state 18 ]


state 28

    (8) expression -> expression LESSTHAN expression .
    (4) expression -> expression . PLUS expression
    (5) expression -> expression . MINUS expression
    (6) expression -> expression . TIMES expression
    (7) expression -> expression . DIVIDE expression
    (8) expression -> expression . LESSTHAN expression
    (9) expression -> expression . GREATERTHAN expression

    END_OF_SENTENCE reduce using rule 8 (expression -> expression LESSTHAN expression .)
    LESSTHAN        reduce using rule 8 (expression -> expression LESSTHAN expression .)
    GREATERTHAN     reduce using rule 8 (expression -> expression LESSTHAN expression .)
    RPAREN          reduce using rule 8 (expression -> expression LESSTHAN expression .)
    PLUS            shift and go to state 13
    MINUS           shift and go to state 14
    TIMES           shift and go to state 15
    DIVIDE          shift and go to state 16

  ! PLUS            [ reduce using rule 8 (expression -> expression LESSTHAN expression .) ]
  ! MINUS           [ reduce using rule 8 (expression -> expression LESSTHAN expression .) ]
  ! TIMES           [ reduce using rule 8 (expression -> expression LESSTHAN expression .) ]
  ! DIVIDE          [ reduce using rule 8 (expression -> expression LESSTHAN expression .) ]
  ! LESSTHAN        [ shift and go to state 17 ]
  ! GREATERTHAN     [ shift and go to state 18 ]


state 29

    (9) expression -> expression GREATERTHAN expression .
    (4) expression -> expression . PLUS expression
    (5) expression -> expression . MINUS expression
    (6) expression -> expression . TIMES expression
    (7) expression -> expression . DIVIDE expression
    (8) expression -> expression . LESSTHAN expression
    (9) expression -> expression . GREATERTHAN expression

    END_OF_SENTENCE reduce using rule 9 (expression -> expression GREATERTHAN expression .)
    LESSTHAN        reduce using rule 9 (expression -> expression GREATERTHAN expression .)
    GREATERTHAN     reduce using rule 9 (expression -> expression GREATERTHAN expression .)
    RPAREN          reduce using rule 9 (expression -> expression GREATERTHAN expression .)
    PLUS            shift and go to state 13
    MINUS           shift and go to state 14
    TIMES           shift and go to state 15
    DIVIDE          shift and go to state 16

  ! PLUS            [ reduce using rule 9 (expression -> expression GREATERTHAN expression .) ]
  ! MINUS           [ reduce using rule 9 (expression -> expression GREATERTHAN expression .) ]
  ! TIMES           [ reduce using rule 9 (expression -> expression GREATERTHAN expression .) ]
  ! DIVIDE          [ reduce using rule 9 (expression -> expression GREATERTHAN expression .) ]
  ! LESSTHAN        [ shift and go to state 17 ]
  ! GREATERTHAN     [ shift and go to state 18 ]


state 30

    (2) statement -> PRINT LPAREN expression . RPAREN END_OF_SENTENCE
    (4) expression -> expression . PLUS expression
    (5) expression -> expression . MINUS expression
    (6) expression -> expression . TIMES expression
    (7) expression -> expression . DIVIDE expression
    (8) expression -> expression . LESSTHAN expression
    (9) expression -> expression . GREATERTHAN expression

    RPAREN          shift and go to state 33
    PLUS            shift and go to state 13
    MINUS           shift and go to state 14
    TIMES           shift and go to state 15
    DIVIDE          shift and go to state 16
    LESSTHAN        shift and go to state 17
    GREATERTHAN     shift and go to state 18


state 31

    (11) expression -> LPAREN expression RPAREN .

    END_OF_SENTENCE reduce using rule 11 (expression -> LPAREN expression RPAREN .)
    PLUS            reduce using rule 11 (expression -> LPAREN expression RPAREN .)
    MINUS           reduce using rule 11 (expression -> LPAREN expression RPAREN .)
    TIMES           reduce using rule 11 (expression -> LPAREN expression RPAREN .)
    DIVIDE          reduce using rule 11 (expression -> LPAREN expression RPAREN .)
    LESSTHAN        reduce using rule 11 (expression -> LPAREN expression RPAREN .)
    GREATERTHAN     reduce using rule 11 (expression -> LPAREN expression RPAREN .)
    RPAREN          reduce using rule 11 (expression -> LPAREN expression RPAREN .)


state 32

    (1) statement -> NAME EQUALS expression END_OF_SENTENCE .

    $end            reduce using rule 1 (statement -> NAME EQUALS expression END_OF_SENTENCE .)


state 33

    (2) statement -> PRINT LPAREN expression RPAREN . END_OF_SENTENCE

    END_OF_SENTENCE shift and go to state 34


state 34

    (2) statement -> PRINT LPAREN expression RPAREN END_OF_SENTENCE .

    $end            reduce using rule 2 (statement -> PRINT LPAREN expression RPAREN END_OF_SENTENCE .)

